DEBUG 2020-02-23 19:29:25.824 $$RUNNING_TEST$$ retrieveStyle
DEBUG 2020-02-23 19:29:30.107 RUNNING TEST:: retrieveStyle > should fail on non function second param: PENDING
DEBUG 2020-02-23 19:29:30.109 RUNNING TEST:: retrieveStyle > should fail on non function second param: OK
DEBUG 2020-02-23 19:29:30.111 RUNNING TEST:: retrieveStyle > should fail is id param is empty: PENDING
DEBUG 2020-02-23 19:29:30.111 RUNNING TEST:: retrieveStyle > should fail is id param is empty: OK
DEBUG 2020-02-23 19:29:30.112 RUNNING TEST:: retrieveStyle > should fail on non string first param: PENDING
DEBUG 2020-02-23 19:29:30.112 RUNNING TEST:: retrieveStyle > should fail on non string first param: OK
DEBUG 2020-02-23 19:29:30.694 RUNNING TEST:: retrieveStyle (vehicle DHP82) > fetching vehicle's informations: PENDING
DEBUG 2020-02-23 19:29:30.694 RUNNING TEST:: retrieveStyle (vehicle DHP82 | style muscle) > fetching vehicle's informations: OK
DEBUG 2020-02-23 19:29:30.694 RUNNING TEST:: retrieveStyle (vehicle DHP82 | style muscle) > should fail on incorrect style id: PENDING
DEBUG 2020-02-23 19:29:31.305 RUNNING TEST:: retrieveStyle (vehicle DHP82 | style muscle) > should fail on incorrect style id: OK
DEBUG 2020-02-23 19:29:31.918 RUNNING TEST:: retrieveStyle (vehicle DVB40) > fetching vehicle's informations: PENDING
DEBUG 2020-02-23 19:29:31.918 RUNNING TEST:: retrieveStyle (vehicle DVB40 | style city) > fetching vehicle's informations: OK
DEBUG 2020-02-23 19:29:31.918 RUNNING TEST:: retrieveStyle (vehicle DVB40 | style city) > should succeed in returning a vehicle's style information: PENDING
DEBUG 2020-02-23 19:29:32.335 RUNNING TEST:: retrieveStyle (vehicle DVB40 | style city) > should succeed in returning a vehicle's style information: OK
DEBUG 2020-02-24 10:02:33.535 $$RUNNING_TEST$$ retrieveStyle
DEBUG 2020-02-24 10:03:20.977 RUNNING TEST:: retrieveStyle > should fail on non string first param: PENDING
DEBUG 2020-02-24 10:03:20.978 RUNNING TEST:: retrieveStyle > should fail on non string first param: OK
DEBUG 2020-02-24 10:03:20.982 RUNNING TEST:: retrieveStyle > should fail is id param is empty: PENDING
DEBUG 2020-02-24 10:03:20.982 RUNNING TEST:: retrieveStyle > should fail is id param is empty: OK
DEBUG 2020-02-24 10:03:20.983 RUNNING TEST:: retrieveStyle > should fail on non function second param: PENDING
DEBUG 2020-02-24 10:03:20.984 RUNNING TEST:: retrieveStyle > should fail on non function second param: OK
DEBUG 2020-02-24 10:03:21.407 RUNNING TEST:: retrieveStyle (vehicle FKB26) > fetching vehicle's informations: PENDING
DEBUG 2020-02-24 10:03:21.407 RUNNING TEST:: retrieveStyle (vehicle FKB26 | style exotic) > fetching vehicle's informations: OK
DEBUG 2020-02-24 10:03:21.407 RUNNING TEST:: retrieveStyle (vehicle FKB26 | style exotic) > should succeed in returning a vehicle's style information: PENDING
DEBUG 2020-02-24 10:03:21.827 RUNNING TEST:: retrieveStyle (vehicle FKB26 | style exotic) > should succeed in returning a vehicle's style information: OK
DEBUG 2020-02-24 10:03:22.271 RUNNING TEST:: retrieveStyle (vehicle DHT35) > fetching vehicle's informations: PENDING
DEBUG 2020-02-24 10:03:22.272 RUNNING TEST:: retrieveStyle (vehicle DHT35 | style muscle) > fetching vehicle's informations: OK
DEBUG 2020-02-24 10:03:22.272 RUNNING TEST:: retrieveStyle (vehicle DHT35 | style muscle) > should fail on incorrect style id: PENDING
DEBUG 2020-02-24 10:03:22.744 RUNNING TEST:: retrieveStyle (vehicle DHT35 | style muscle) > should fail on incorrect style id: OK
